#
# There is insufficient memory for the Java Runtime Environment to continue.
# Native memory allocation (mmap) failed to map 134217728 bytes. Error detail: G1 virtual space
# Possible reasons:
#   The system is out of physical RAM or swap space
#   This process is running with CompressedOops enabled, and the Java Heap may be blocking the growth of the native heap
# Possible solutions:
#   Reduce memory load on the system
#   Increase physical memory or swap space
#   Check if swap backing store is full
#   Decrease Java heap size (-Xmx/-Xms)
#   Decrease number of Java threads
#   Decrease Java thread stack sizes (-Xss)
#   Set larger code cache with -XX:ReservedCodeCacheSize=
#   JVM is running with Unscaled Compressed Oops mode in which the Java heap is
#     placed in the first 4GB address space. The Java Heap base address is the
#     maximum limit for the native heap growth. Please use -XX:HeapBaseMinAddress
#     to set the Java Heap base and to place the Java Heap above 4GB virtual address.
# This output file may be truncated or incomplete.
#
#  Out of Memory Error (os_windows.cpp:3898), pid=7420, tid=10756
#
# JRE version:  (21.0.7+9) (build )
# Java VM: OpenJDK 64-Bit Server VM (21.0.7+9-b895.130, mixed mode, sharing, tiered, compressed oops, compressed class ptrs, g1 gc, windows-amd64)
# No core dump will be written. Minidumps are not enabled by default on client versions of Windows
#

---------------  S U M M A R Y ------------

Command Line: git4idea.http.GitAskPassApp Username for 'https://github.com': 

Host: Intel(R) Core(TM) i5 CPU         650  @ 3.20GHz, 4 cores, 7G,  Windows 10 , 64 bit Build 14393 (10.0.14393.9234)
Time: Sat Jul 11 18:29:59 2026 H. Padr緌 Leste Am廨ica do Sul elapsed time: 0.058303 seconds (0d 0h 0m 0s)

---------------  T H R E A D  ---------------

Current thread (0x00000143c8508260):  JavaThread "Unknown thread" [_thread_in_vm, id=10756, stack(0x0000002709c00000,0x0000002709d00000) (1024K)]

Stack: [0x0000002709c00000,0x0000002709d00000]
Native frames: (J=compiled Java code, j=interpreted, Vv=VM code, C=native code)
V  [jvm.dll+0x6e6049]
V  [jvm.dll+0x8c4343]
V  [jvm.dll+0x8c689e]
V  [jvm.dll+0x8c6f83]
V  [jvm.dll+0x289266]
V  [jvm.dll+0x6e28c5]
V  [jvm.dll+0x6d634a]
V  [jvm.dll+0x36388b]
V  [jvm.dll+0x36b456]
V  [jvm.dll+0x3bd7e6]
V  [jvm.dll+0x3bdab8]
V  [jvm.dll+0x335fdc]
V  [jvm.dll+0x336ccb]
V  [jvm.dll+0x88b7a9]
V  [jvm.dll+0x3ca9b8]
V  [jvm.dll+0x8747f8]
V  [jvm.dll+0x45f3ce]
V  [jvm.dll+0x4610b1]
C  [jli.dll+0x52ab]
C  [ucrtbase.dll+0x1fb80]
C  [KERNEL32.DLL+0x84d4]
C  [ntdll.dll+0x51d71]


---------------  P R O C E S S  ---------------

Threads class SMR info:
_java_thread_list=0x00007ff94de7b148, length=0, elements={
}

Java Threads: ( => current thread )
Total: 0

Other Threads:
  0x00000143ca6b3af0 WorkerThread "GC Thread#0"                     [id=5752, stack(0x0000002709e00000,0x0000002709f00000) (1024K)]
  0x00000143ca6c47a0 ConcurrentGCThread "G1 Main Marker"            [id=8776, stack(0x0000002709f00000,0x000000270a000000) (1024K)]
  0x00000143ca6c51b0 WorkerThread "G1 Conc#0"                       [id=13680, stack(0x000000270a000000,0x000000270a100000) (1024K)]

[error occurred during error reporting (printing all threads), id 0xc0000005, EXCEPTION_ACCESS_VIOLATION (0xc0000005) at pc=0x00007ff94d5690b7]
VM state: not at safepoint (not fully initialized)

VM Mutex/Monitor currently owned by a thread:  ([mutex/lock_event])
[0x00007ff94deefab8] Heap_lock - owner thread: 0x00000143c8508260

Heap address: 0x0000000081200000, size: 2030 MB, Compressed Oops mode: 32-bit

CDS archive(s) mapped at: [0x0000000000000000-0x0000000000000000-0x0000000000000000), size 0, SharedBaseAddress: 0x0000000800000000, ArchiveRelocationMode: 1.
Narrow klass base: 0x0000000000000000, Narrow klass shift: 0, Narrow klass range: 0x0

GC Precious Log:
 CardTable entry size: 512
 Card Set container configuration: InlinePtr #cards 5 size 8 Array Of Cards #cards 12 size 40 Howl #buckets 4 coarsen threshold 1843 Howl Bitmap #cards 512 size 80 coarsen threshold 460 Card regions per heap region 1 cards per card region 2048

Heap:
 garbage-first heap   total 0K, used 0K [0x0000000081200000, 0x0000000100000000)
  region size 1024K, 0 young (0K), 0 survivors (0K)
 Metaspace       used 0K, committed 0K, reserved 0K
  class space    used 0K, committed 0K, reserved 0K

Heap Regions: E=young(eden), S=young(survivor), O=old, HS=humongous(starts), HC=humongous(continues), CS=collection set, F=free, TAMS=top-at-mark-start, PB=parsable bottom

Card table byte_map: [0x00000143ddab0000,0x00000143ddeb0000] _byte_map_base: 0x00000143dd6a7000

Marking Bits: (CMBitMap*) 0x00000143ca6b4100
 Bits: [0x00000143ddeb0000, 0x00000143dfe68000)

GC Heap History (0 events):
No events

Dll operation events (1 events):
Event: 0.027 Loaded shared library C:\Program Files\JetBrains\IntelliJ IDEA Community Edition 2025.1.3\jbr\bin\java.dll

Deoptimization events (0 events):
No events

Classes loaded (0 events):
No events

Classes unloaded (0 events):
No events

Classes redefined (0 events):
No events

Internal exceptions (0 events):
No events

ZGC Phase Switch (0 events):
No events

VM Operations (0 events):
No events

Memory protections (0 events):
No events

Nmethod flushes (0 events):
No events

Events (0 events):
No events


Dynamic libraries:
0x00007ff72fa40000 - 0x00007ff72fa4a000 	C:\Program Files\JetBrains\IntelliJ IDEA Community Edition 2025.1.3\jbr\bin\java.exe
0x00007ff97d5d0000 - 0x00007ff97d7a1000 	C:\Windows\SYSTEM32\ntdll.dll
0x00007ff97acc0000 - 0x00007ff97ad6d000 	C:\Windows\System32\KERNEL32.DLL
0x00007ff979a30000 - 0x00007ff979c4e000 	C:\Windows\System32\KERNELBASE.dll
0x00007ff97a660000 - 0x00007ff97a754000 	C:\Windows\System32\ucrtbase.dll
0x00007ff965bb0000 - 0x00007ff965bc8000 	C:\Program Files\JetBrains\IntelliJ IDEA Community Edition 2025.1.3\jbr\bin\jli.dll
0x00007ff97d2d0000 - 0x00007ff97d436000 	C:\Windows\System32\USER32.dll
0x00007ff97aa70000 - 0x00007ff97aa8e000 	C:\Windows\System32\win32u.dll
0x00007ff97ae80000 - 0x00007ff97aeb4000 	C:\Windows\System32\GDI32.dll
0x00007ff979c50000 - 0x00007ff979dd4000 	C:\Windows\System32\gdi32full.dll
0x00007ff974d90000 - 0x00007ff974dab000 	C:\Program Files\JetBrains\IntelliJ IDEA Community Edition 2025.1.3\jbr\bin\VCRUNTIME140.dll
0x00007ff971670000 - 0x00007ff9718ea000 	C:\Windows\WinSxS\amd64_microsoft.windows.common-controls_6595b64144ccf1df_6.0.14393.8957_none_7ddfefb083425c7d\COMCTL32.dll
0x00007ff97aba0000 - 0x00007ff97ac3e000 	C:\Windows\System32\msvcrt.dll
0x00007ff97d000000 - 0x00007ff97d2c7000 	C:\Windows\System32\combase.dll
0x00007ff97ce80000 - 0x00007ff97cf9b000 	C:\Windows\System32\RPCRT4.dll
0x00007ff97a4c0000 - 0x00007ff97a52c000 	C:\Windows\System32\bcryptPrimitives.dll
0x00007ff97c610000 - 0x00007ff97c63e000 	C:\Windows\System32\IMM32.DLL
0x00007ff974fd0000 - 0x00007ff974fdc000 	C:\Program Files\JetBrains\IntelliJ IDEA Community Edition 2025.1.3\jbr\bin\vcruntime140_1.dll
0x00007ff951d30000 - 0x00007ff951dbd000 	C:\Program Files\JetBrains\IntelliJ IDEA Community Edition 2025.1.3\jbr\bin\msvcp140.dll
0x00007ff94d220000 - 0x00007ff94dfe1000 	C:\Program Files\JetBrains\IntelliJ IDEA Community Edition 2025.1.3\jbr\bin\server\jvm.dll
0x00007ff97cc30000 - 0x00007ff97ccd8000 	C:\Windows\System32\ADVAPI32.dll
0x00007ff97ab40000 - 0x00007ff97ab9d000 	C:\Windows\System32\sechost.dll
0x00007ff97a530000 - 0x00007ff97a55b000 	C:\Windows\System32\bcrypt.dll
0x00007ff9799a0000 - 0x00007ff9799ec000 	C:\Windows\System32\POWRPROF.dll
0x00007ff97ac40000 - 0x00007ff97acaa000 	C:\Windows\System32\WS2_32.dll
0x00007ff9778f0000 - 0x00007ff977913000 	C:\Windows\SYSTEM32\WINMM.dll
0x00007ff970f20000 - 0x00007ff970f2a000 	C:\Windows\SYSTEM32\VERSION.dll
0x00007ff9778c0000 - 0x00007ff9778eb000 	C:\Windows\SYSTEM32\WINMMBASE.dll
0x00007ff97a810000 - 0x00007ff97a852000 	C:\Windows\System32\cfgmgr32.dll
0x00007ff979a20000 - 0x00007ff979a2f000 	C:\Windows\System32\kernel.appcore.dll
0x00007ff974fb0000 - 0x00007ff974fba000 	C:\Program Files\JetBrains\IntelliJ IDEA Community Edition 2025.1.3\jbr\bin\jimage.dll
0x00007ff970f30000 - 0x00007ff9710c2000 	C:\Windows\SYSTEM32\DBGHELP.DLL
0x00007ff972530000 - 0x00007ff972559000 	C:\Windows\SYSTEM32\dbgcore.DLL
0x00007ff9723b0000 - 0x00007ff9723d0000 	C:\Program Files\JetBrains\IntelliJ IDEA Community Edition 2025.1.3\jbr\bin\java.dll

dbghelp: loaded successfully - version: 4.0.5 - missing functions: none
symbol engine: initialized successfully - sym options: 0x614 - pdb path: .;C:\Program Files\JetBrains\IntelliJ IDEA Community Edition 2025.1.3\jbr\bin;C:\Windows\SYSTEM32;C:\Windows\WinSxS\amd64_microsoft.windows.common-controls_6595b64144ccf1df_6.0.14393.8957_none_7ddfefb083425c7d;C:\Program Files\JetBrains\IntelliJ IDEA Community Edition 2025.1.3\jbr\bin\server

VM Arguments:
java_command: git4idea.http.GitAskPassApp Username for 'https://github.com': 
java_class_path (initial): C:/Program Files/JetBrains/IntelliJ IDEA Community Edition 2025.1.3/plugins/vcs-git/lib/git4idea-rt.jar;C:/Program Files/JetBrains/IntelliJ IDEA Community Edition 2025.1.3/lib/externalProcess-rt.jar
Launcher Type: SUN_STANDARD

[Global flags]
     intx CICompilerCount                          = 3                                         {product} {ergonomic}
     uint ConcGCThreads                            = 1                                         {product} {ergonomic}
     uint G1ConcRefinementThreads                  = 4                                         {product} {ergonomic}
   size_t G1HeapRegionSize                         = 1048576                                   {product} {ergonomic}
    uintx GCDrainStackTargetSize                   = 64                                        {product} {ergonomic}
   size_t InitialHeapSize                          = 134217728                                 {product} {ergonomic}
   size_t MarkStackSize                            = 4194304                                   {product} {ergonomic}
   size_t MaxHeapSize                              = 2128609280                                {product} {ergonomic}
   size_t MinHeapDeltaBytes                        = 1048576                                   {product} {ergonomic}
   size_t MinHeapSize                              = 8388608                                   {product} {ergonomic}
    uintx NonNMethodCodeHeapSize                   = 5832780                                {pd product} {ergonomic}
    uintx NonProfiledCodeHeapSize                  = 122912730                              {pd product} {ergonomic}
    uintx ProfiledCodeHeapSize                     = 122912730                              {pd product} {ergonomic}
    uintx ReservedCodeCacheSize                    = 251658240                              {pd product} {ergonomic}
     bool SegmentedCodeCache                       = true                                      {product} {ergonomic}
   size_t SoftMaxHeapSize                          = 2128609280                             {manageable} {ergonomic}
     bool UseCompressedOops                        = true                           {product lp64_product} {ergonomic}
     bool UseG1GC                                  = true                                      {product} {ergonomic}
     bool UseLargePagesIndividualAllocation        = false                                  {pd product} {ergonomic}

Logging:
Log output configuration:
 #0: stdout all=warning uptime,level,tags foldmultilines=false
 #1: stderr all=off uptime,level,tags foldmultilines=false

Environment Variables:
PATH=C:/Program Files/Git/mingw64/libexec/git-core;C:/Program Files/Git/mingw64/libexec/git-core;C:\Program Files\Git\mingw64\bin;C:\Program Files\Git\usr\bin;C:\Users\ADM\bin;C:\Program Files\Eclipse Adoptium\jdk-8.0.462.8-hotspot\bin;C:\Windows\system32;C:\Windows;C:\Windows\System32\Wbem;C:\Windows\System32\WindowsPowerShell\v1.0\;C:\Program Files\PowerShell\7\;C:\Program Files\Git\cmd;C:\Users\ADM\AppData\Local\Programs\Python\Python313\Scripts\;C:\Users\ADM\AppData\Local\Programs\Python\Python313\;C:\Users\ADM\AppData\Local\Microsoft\WindowsApps;C:\Users\ADM\AppData\Local\GitHubDesktop\bin
USERNAME=ADM
DISPLAY=:0.0
LC_ALL=en_US.UTF-8
TERM=cygwin
TMPDIR=C:\Users\ADM\AppData\Local\Temp
OS=Windows_NT
PROCESSOR_IDENTIFIER=Intel64 Family 6 Model 37 Stepping 5, GenuineIntel
TMP=C:\Users\ADM\AppData\Local\Temp
TEMP=C:\Users\ADM\AppData\Local\Temp




Periodic native trim disabled

JNI global refs:
JNI global refs: 0, weak refs: 0

JNI global refs memory usage: 0, weak refs: 0

Process memory usage:
Resident Set Size: 10520K (0% of 8313968K total physical memory with 975476K free physical memory)

OOME stack traces (most recent first):
Classloader memory used:

---------------  S Y S T E M  ---------------

OS:
 Windows 10 , 64 bit Build 14393 (10.0.14393.9234)
OS uptime: 1 days 0:39 hours

CPU: total 4 (initial active 4) (2 cores per cpu, 2 threads per core) family 6 model 37 stepping 5 microcode 0x7, cx8, cmov, fxsr, ht, mmx, sse, sse2, sse3, ssse3, sse4.1, sse4.2, popcnt, tsc, tscinvbit, aes, clmul, clflush, rdtscp
Processor Information for the first 4 processors :
  Max Mhz: 3200, Current Mhz: 3200, Mhz Limit: 3200

Memory: 4k page, system-wide physical 8119M (952M free)
TotalPageFile size 11871M (AvailPageFile size 31M)
current process WorkingSet (physical memory assigned to process): 10M, peak: 10M
current process commit charge ("private bytes"): 51M, peak: 179M

vm_info: OpenJDK 64-Bit Server VM (21.0.7+9-b895.130) for windows-amd64 JRE (21.0.7+9-b895.130), built on 2025-05-13 by "builduser" with MS VC++ 16.10 / 16.11 (VS2019)

END.
