#
# There is insufficient memory for the Java Runtime Environment to continue.
# Native memory allocation (malloc) failed to allocate 477616 bytes. Error detail: Chunk::new
# Possible reasons:
#   The system is out of physical RAM or swap space
#   This process is running with CompressedOops enabled, and the Java Heap may be blocking the growth of the native heap
# Possible solutions:
#   Reduce memory load on the system
#   Increase physical memory or swap space
#   Check if swap backing store is full
#   Decrease Java heap size (-Xmx/-Xms)
#   Decrease number of Java threads
#   Decrease Java thread stack sizes (-Xss)
#   Set larger code cache with -XX:ReservedCodeCacheSize=
#   JVM is running with Unscaled Compressed Oops mode in which the Java heap is
#     placed in the first 4GB address space. The Java Heap base address is the
#     maximum limit for the native heap growth. Please use -XX:HeapBaseMinAddress
#     to set the Java Heap base and to place the Java Heap above 4GB virtual address.
# This output file may be truncated or incomplete.
#
#  Out of Memory Error (arena.cpp:168), pid=12968, tid=12748
#
# JRE version: OpenJDK Runtime Environment JBR-21.0.7+9-895.130-jcef (21.0.7+9) (build 21.0.7+9-b895.130)
# Java VM: OpenJDK 64-Bit Server VM JBR-21.0.7+9-895.130-jcef (21.0.7+9-b895.130, mixed mode, sharing, tiered, compressed oops, compressed class ptrs, g1 gc, windows-amd64)
# No core dump will be written. Minidumps are not enabled by default on client versions of Windows
#

---------------  S U M M A R Y ------------

Command Line: git4idea.http.GitAskPassApp Password for 'https://Caio202Cesar@github.com': 

Host: Intel(R) Core(TM) i5 CPU         650  @ 3.20GHz, 4 cores, 7G,  Windows 10 , 64 bit Build 14393 (10.0.14393.8688)
Time: Tue Dec 30 23:49:21 2025 H. Padrão Leste América do Sul elapsed time: 1.977310 seconds (0d 0h 0m 1s)

---------------  T H R E A D  ---------------

Current thread (0x0000018b74271e90):  JavaThread "C2 CompilerThread1" daemon [_thread_in_native, id=12748, stack(0x0000000b97c00000,0x0000000b97d00000) (1024K)]


Current CompileTask:
C2:1977 1079       4       sun.security.ec.ECOperations::setDouble (463 bytes)

Stack: [0x0000000b97c00000,0x0000000b97d00000]
Native frames: (J=compiled Java code, j=interpreted, Vv=VM code, C=native code)
V  [jvm.dll+0x6e6049]
V  [jvm.dll+0x8c4343]
V  [jvm.dll+0x8c689e]
V  [jvm.dll+0x8c6f83]
V  [jvm.dll+0x289266]
V  [jvm.dll+0xc675d]
V  [jvm.dll+0xc6c93]
V  [jvm.dll+0x2fee70]
V  [jvm.dll+0x60cb49]
V  [jvm.dll+0x259a22]
V  [jvm.dll+0x2522ca]
V  [jvm.dll+0x24fdde]
V  [jvm.dll+0x1cd734]
V  [jvm.dll+0x25f76c]
V  [jvm.dll+0x25dcb6]
V  [jvm.dll+0x3ffa86]
V  [jvm.dll+0x86bea8]
V  [jvm.dll+0x6e480d]
C  [ucrtbase.dll+0x1fb80]
C  [KERNEL32.DLL+0x84d4]
C  [ntdll.dll+0x51d51]


---------------  P R O C E S S  ---------------

Threads class SMR info:
_java_thread_list=0x0000018b741cb830, length=15, elements={
0x0000018b1619cf00, 0x0000018b2de68000, 0x0000018b2de68f10, 0x0000018b2de6ab00,
0x0000018b2de6fe40, 0x0000018b2de70890, 0x0000018b2de71640, 0x0000018b2de767f0,
0x0000018b2de9d3d0, 0x0000018b6f231960, 0x0000018b6f2371d0, 0x0000018b74071430,
0x0000018b740aa120, 0x0000018b74205130, 0x0000018b74271e90
}

Java Threads: ( => current thread )
  0x0000018b1619cf00 JavaThread "main"                              [_thread_blocked, id=12616, stack(0x0000000b96600000,0x0000000b96700000) (1024K)]
  0x0000018b2de68000 JavaThread "Reference Handler"          daemon [_thread_blocked, id=12568, stack(0x0000000b96e00000,0x0000000b96f00000) (1024K)]
  0x0000018b2de68f10 JavaThread "Finalizer"                  daemon [_thread_blocked, id=7860, stack(0x0000000b96f00000,0x0000000b97000000) (1024K)]
  0x0000018b2de6ab00 JavaThread "Signal Dispatcher"          daemon [_thread_blocked, id=11760, stack(0x0000000b97000000,0x0000000b97100000) (1024K)]
  0x0000018b2de6fe40 JavaThread "Attach Listener"            daemon [_thread_blocked, id=10756, stack(0x0000000b97100000,0x0000000b97200000) (1024K)]
  0x0000018b2de70890 JavaThread "Service Thread"             daemon [_thread_blocked, id=8252, stack(0x0000000b97200000,0x0000000b97300000) (1024K)]
  0x0000018b2de71640 JavaThread "Monitor Deflation Thread"   daemon [_thread_blocked, id=11016, stack(0x0000000b97300000,0x0000000b97400000) (1024K)]
  0x0000018b2de767f0 JavaThread "C2 CompilerThread0"         daemon [_thread_blocked, id=4624, stack(0x0000000b97400000,0x0000000b97500000) (1024K)]
  0x0000018b2de9d3d0 JavaThread "C1 CompilerThread0"         daemon [_thread_blocked, id=8988, stack(0x0000000b97500000,0x0000000b97600000) (1024K)]
  0x0000018b6f231960 JavaThread "Notification Thread"        daemon [_thread_blocked, id=14052, stack(0x0000000b97600000,0x0000000b97700000) (1024K)]
  0x0000018b6f2371d0 JavaThread "Common-Cleaner"             daemon [_thread_blocked, id=12344, stack(0x0000000b97700000,0x0000000b97800000) (1024K)]
  0x0000018b74071430 JavaThread "HttpClient-1-SelectorManager" daemon [_thread_in_native, id=8632, stack(0x0000000b97800000,0x0000000b97900000) (1024K)]
  0x0000018b740aa120 JavaThread "HttpClient-1-Worker-0"      daemon [_thread_in_Java, id=13176, stack(0x0000000b97a00000,0x0000000b97b00000) (1024K)]
  0x0000018b74205130 JavaThread "HttpClient-1-Worker-1"      daemon [_thread_blocked, id=6468, stack(0x0000000b97b00000,0x0000000b97c00000) (1024K)]
=>0x0000018b74271e90 JavaThread "C2 CompilerThread1"         daemon [_thread_in_native, id=12748, stack(0x0000000b97c00000,0x0000000b97d00000) (1024K)]
Total: 15

Other Threads:
  0x0000018b2de4f180 VMThread "VM Thread"                           [id=8668, stack(0x0000000b96d00000,0x0000000b96e00000) (1024K)]
  0x0000018b2de3dc90 WatcherThread "VM Periodic Task Thread"        [id=8948, stack(0x0000000b96c00000,0x0000000b96d00000) (1024K)]
  0x0000018b161f2090 WorkerThread "GC Thread#0"                     [id=196, stack(0x0000000b96700000,0x0000000b96800000) (1024K)]
  0x0000018b74272530 WorkerThread "GC Thread#1"                     [id=8340, stack(0x0000000b97d00000,0x0000000b97e00000) (1024K)]
  0x0000018b742728d0 WorkerThread "GC Thread#2"                     [id=10596, stack(0x0000000b97e00000,0x0000000b97f00000) (1024K)]
  0x0000018b742c6810 WorkerThread "GC Thread#3"                     [id=5112, stack(0x0000000b97f00000,0x0000000b98000000) (1024K)]
  0x0000018b16202e30 ConcurrentGCThread "G1 Main Marker"            [id=12472, stack(0x0000000b96800000,0x0000000b96900000) (1024K)]
  0x0000018b16203ae0 WorkerThread "G1 Conc#0"                       [id=6352, stack(0x0000000b96900000,0x0000000b96a00000) (1024K)]
  0x0000018b2dd024c0 ConcurrentGCThread "G1 Refine#0"               [id=10164, stack(0x0000000b96a00000,0x0000000b96b00000) (1024K)]
  0x0000018b16268860 ConcurrentGCThread "G1 Service"                [id=2900, stack(0x0000000b96b00000,0x0000000b96c00000) (1024K)]
Total: 10

Threads with active compile tasks:
C2 CompilerThread1  2020 1079       4       sun.security.ec.ECOperations::setDouble (463 bytes)
Total: 1

VM state: not at safepoint (normal execution)

VM Mutex/Monitor currently owned by a thread: None

Heap address: 0x0000000081200000, size: 2030 MB, Compressed Oops mode: 32-bit

CDS archive(s) mapped at: [0x0000018b2e000000-0x0000018b2ed10000-0x0000018b2ed10000), size 13697024, SharedBaseAddress: 0x0000018b2e000000, ArchiveRelocationMode: 1.
Compressed class space mapped at: 0x0000018b2f000000-0x0000018b6f000000, reserved size: 1073741824
Narrow klass base: 0x0000018b2e000000, Narrow klass shift: 0, Narrow klass range: 0x100000000

GC Precious Log:
 CardTable entry size: 512
 Card Set container configuration: InlinePtr #cards 5 size 8 Array Of Cards #cards 12 size 40 Howl #buckets 4 coarsen threshold 1843 Howl Bitmap #cards 512 size 80 coarsen threshold 460 Card regions per heap region 1 cards per card region 2048
 CPUs: 4 total, 4 available
 Memory: 8119M
 Large Page Support: Disabled
 NUMA Support: Disabled
 Compressed Oops: Enabled (32-bit)
 Heap Region Size: 1M
 Heap Min Capacity: 8M
 Heap Initial Capacity: 128M
 Heap Max Capacity: 2030M
 Pre-touch: Disabled
 Parallel Workers: 4
 Concurrent Workers: 1
 Concurrent Refinement Workers: 4
 Periodic GC: Disabled

Heap:
 garbage-first heap   total 131072K, used 2370K [0x0000000081200000, 0x0000000100000000)
  region size 1024K, 3 young (3072K), 2 survivors (2048K)
 Metaspace       used 7972K, committed 8256K, reserved 1114112K
  class space    used 909K, committed 1024K, reserved 1048576K

Heap Regions: E=young(eden), S=young(survivor), O=old, HS=humongous(starts), HC=humongous(continues), CS=collection set, F=free, TAMS=top-at-mark-start, PB=parsable bottom
|   0|0x0000000081200000, 0x0000000081250a80, 0x0000000081300000| 31%| O|  |TAMS 0x0000000081200000| PB 0x0000000081200000| Untracked 
|   1|0x0000000081300000, 0x0000000081300000, 0x0000000081400000|  0%| F|  |TAMS 0x0000000081300000| PB 0x0000000081300000| Untracked 
|   2|0x0000000081400000, 0x0000000081400000, 0x0000000081500000|  0%| F|  |TAMS 0x0000000081400000| PB 0x0000000081400000| Untracked 
|   3|0x0000000081500000, 0x0000000081500000, 0x0000000081600000|  0%| F|  |TAMS 0x0000000081500000| PB 0x0000000081500000| Untracked 
|   4|0x0000000081600000, 0x0000000081600000, 0x0000000081700000|  0%| F|  |TAMS 0x0000000081600000| PB 0x0000000081600000| Untracked 
|   5|0x0000000081700000, 0x0000000081700000, 0x0000000081800000|  0%| F|  |TAMS 0x0000000081700000| PB 0x0000000081700000| Untracked 
|   6|0x0000000081800000, 0x0000000081800000, 0x0000000081900000|  0%| F|  |TAMS 0x0000000081800000| PB 0x0000000081800000| Untracked 
|   7|0x0000000081900000, 0x0000000081900000, 0x0000000081a00000|  0%| F|  |TAMS 0x0000000081900000| PB 0x0000000081900000| Untracked 
|   8|0x0000000081a00000, 0x0000000081a00000, 0x0000000081b00000|  0%| F|  |TAMS 0x0000000081a00000| PB 0x0000000081a00000| Untracked 
|   9|0x0000000081b00000, 0x0000000081b00000, 0x0000000081c00000|  0%| F|  |TAMS 0x0000000081b00000| PB 0x0000000081b00000| Untracked 
|  10|0x0000000081c00000, 0x0000000081c00000, 0x0000000081d00000|  0%| F|  |TAMS 0x0000000081c00000| PB 0x0000000081c00000| Untracked 
|  11|0x0000000081d00000, 0x0000000081d00000, 0x0000000081e00000|  0%| F|  |TAMS 0x0000000081d00000| PB 0x0000000081d00000| Untracked 
|  12|0x0000000081e00000, 0x0000000081e00000, 0x0000000081f00000|  0%| F|  |TAMS 0x0000000081e00000| PB 0x0000000081e00000| Untracked 
|  13|0x0000000081f00000, 0x0000000081f00000, 0x0000000082000000|  0%| F|  |TAMS 0x0000000081f00000| PB 0x0000000081f00000| Untracked 
|  14|0x0000000082000000, 0x0000000082000000, 0x0000000082100000|  0%| F|  |TAMS 0x0000000082000000| PB 0x0000000082000000| Untracked 
|  15|0x0000000082100000, 0x0000000082100000, 0x0000000082200000|  0%| F|  |TAMS 0x0000000082100000| PB 0x0000000082100000| Untracked 
|  16|0x0000000082200000, 0x0000000082200000, 0x0000000082300000|  0%| F|  |TAMS 0x0000000082200000| PB 0x0000000082200000| Untracked 
|  17|0x0000000082300000, 0x0000000082300000, 0x0000000082400000|  0%| F|  |TAMS 0x0000000082300000| PB 0x0000000082300000| Untracked 
|  18|0x0000000082400000, 0x0000000082400000, 0x0000000082500000|  0%| F|  |TAMS 0x0000000082400000| PB 0x0000000082400000| Untracked 
|  19|0x0000000082500000, 0x0000000082500000, 0x0000000082600000|  0%| F|  |TAMS 0x0000000082500000| PB 0x0000000082500000| Untracked 
|  20|0x0000000082600000, 0x0000000082600000, 0x0000000082700000|  0%| F|  |TAMS 0x0000000082600000| PB 0x0000000082600000| Untracked 
|  21|0x0000000082700000, 0x0000000082700000, 0x0000000082800000|  0%| F|  |TAMS 0x0000000082700000| PB 0x0000000082700000| Untracked 
|  22|0x0000000082800000, 0x0000000082800000, 0x0000000082900000|  0%| F|  |TAMS 0x0000000082800000| PB 0x0000000082800000| Untracked 
|  23|0x0000000082900000, 0x0000000082900000, 0x0000000082a00000|  0%| F|  |TAMS 0x0000000082900000| PB 0x0000000082900000| Untracked 
|  24|0x0000000082a00000, 0x0000000082a00000, 0x0000000082b00000|  0%| F|  |TAMS 0x0000000082a00000| PB 0x0000000082a00000| Untracked 
|  25|0x0000000082b00000, 0x0000000082b00000, 0x0000000082c00000|  0%| F|  |TAMS 0x0000000082b00000| PB 0x0000000082b00000| Untracked 
|  26|0x0000000082c00000, 0x0000000082c00000, 0x0000000082d00000|  0%| F|  |TAMS 0x0000000082c00000| PB 0x0000000082c00000| Untracked 
|  27|0x0000000082d00000, 0x0000000082d00000, 0x0000000082e00000|  0%| F|  |TAMS 0x0000000082d00000| PB 0x0000000082d00000| Untracked 
|  28|0x0000000082e00000, 0x0000000082e00000, 0x0000000082f00000|  0%| F|  |TAMS 0x0000000082e00000| PB 0x0000000082e00000| Untracked 
|  29|0x0000000082f00000, 0x0000000082f00000, 0x0000000083000000|  0%| F|  |TAMS 0x0000000082f00000| PB 0x0000000082f00000| Untracked 
|  30|0x0000000083000000, 0x0000000083000000, 0x0000000083100000|  0%| F|  |TAMS 0x0000000083000000| PB 0x0000000083000000| Untracked 
|  31|0x0000000083100000, 0x0000000083100000, 0x0000000083200000|  0%| F|  |TAMS 0x0000000083100000| PB 0x0000000083100000| Untracked 
|  32|0x0000000083200000, 0x0000000083200000, 0x0000000083300000|  0%| F|  |TAMS 0x0000000083200000| PB 0x0000000083200000| Untracked 
|  33|0x0000000083300000, 0x0000000083300000, 0x0000000083400000|  0%| F|  |TAMS 0x0000000083300000| PB 0x0000000083300000| Untracked 
|  34|0x0000000083400000, 0x0000000083400000, 0x0000000083500000|  0%| F|  |TAMS 0x0000000083400000| PB 0x0000000083400000| Untracked 
|  35|0x0000000083500000, 0x0000000083500000, 0x0000000083600000|  0%| F|  |TAMS 0x0000000083500000| PB 0x0000000083500000| Untracked 
|  36|0x0000000083600000, 0x0000000083600000, 0x0000000083700000|  0%| F|  |TAMS 0x0000000083600000| PB 0x0000000083600000| Untracked 
|  37|0x0000000083700000, 0x0000000083700000, 0x0000000083800000|  0%| F|  |TAMS 0x0000000083700000| PB 0x0000000083700000| Untracked 
|  38|0x0000000083800000, 0x0000000083800000, 0x0000000083900000|  0%| F|  |TAMS 0x0000000083800000| PB 0x0000000083800000| Untracked 
|  39|0x0000000083900000, 0x0000000083900000, 0x0000000083a00000|  0%| F|  |TAMS 0x0000000083900000| PB 0x0000000083900000| Untracked 
|  40|0x0000000083a00000, 0x0000000083a00000, 0x0000000083b00000|  0%| F|  |TAMS 0x0000000083a00000| PB 0x0000000083a00000| Untracked 
|  41|0x0000000083b00000, 0x0000000083b00000, 0x0000000083c00000|  0%| F|  |TAMS 0x0000000083b00000| PB 0x0000000083b00000| Untracked 
|  42|0x0000000083c00000, 0x0000000083c00000, 0x0000000083d00000|  0%| F|  |TAMS 0x0000000083c00000| PB 0x0000000083c00000| Untracked 
|  43|0x0000000083d00000, 0x0000000083d00000, 0x0000000083e00000|  0%| F|  |TAMS 0x0000000083d00000| PB 0x0000000083d00000| Untracked 
|  44|0x0000000083e00000, 0x0000000083e00000, 0x0000000083f00000|  0%| F|  |TAMS 0x0000000083e00000| PB 0x0000000083e00000| Untracked 
|  45|0x0000000083f00000, 0x0000000083f00000, 0x0000000084000000|  0%| F|  |TAMS 0x0000000083f00000| PB 0x0000000083f00000| Untracked 
|  46|0x0000000084000000, 0x0000000084000000, 0x0000000084100000|  0%| F|  |TAMS 0x0000000084000000| PB 0x0000000084000000| Untracked 
|  47|0x0000000084100000, 0x0000000084100000, 0x0000000084200000|  0%| F|  |TAMS 0x0000000084100000| PB 0x0000000084100000| Untracked 
|  48|0x0000000084200000, 0x0000000084200000, 0x0000000084300000|  0%| F|  |TAMS 0x0000000084200000| PB 0x0000000084200000| Untracked 
|  49|0x0000000084300000, 0x0000000084300000, 0x0000000084400000|  0%| F|  |TAMS 0x0000000084300000| PB 0x0000000084300000| Untracked 
|  50|0x0000000084400000, 0x0000000084400000, 0x0000000084500000|  0%| F|  |TAMS 0x0000000084400000| PB 0x0000000084400000| Untracked 
|  51|0x0000000084500000, 0x0000000084500000, 0x0000000084600000|  0%| F|  |TAMS 0x0000000084500000| PB 0x0000000084500000| Untracked 
|  52|0x0000000084600000, 0x0000000084600000, 0x0000000084700000|  0%| F|  |TAMS 0x0000000084600000| PB 0x0000000084600000| Untracked 
|  53|0x0000000084700000, 0x0000000084700000, 0x0000000084800000|  0%| F|  |TAMS 0x0000000084700000| PB 0x0000000084700000| Untracked 
|  54|0x0000000084800000, 0x0000000084800000, 0x0000000084900000|  0%| F|  |TAMS 0x0000000084800000| PB 0x0000000084800000| Untracked 
|  55|0x0000000084900000, 0x0000000084900000, 0x0000000084a00000|  0%| F|  |TAMS 0x0000000084900000| PB 0x0000000084900000| Untracked 
|  56|0x0000000084a00000, 0x0000000084a00000, 0x0000000084b00000|  0%| F|  |TAMS 0x0000000084a00000| PB 0x0000000084a00000| Untracked 
|  57|0x0000000084b00000, 0x0000000084b00000, 0x0000000084c00000|  0%| F|  |TAMS 0x0000000084b00000| PB 0x0000000084b00000| Untracked 
|  58|0x0000000084c00000, 0x0000000084c00000, 0x0000000084d00000|  0%| F|  |TAMS 0x0000000084c00000| PB 0x0000000084c00000| Untracked 
|  59|0x0000000084d00000, 0x0000000084d00000, 0x0000000084e00000|  0%| F|  |TAMS 0x0000000084d00000| PB 0x0000000084d00000| Untracked 
|  60|0x0000000084e00000, 0x0000000084e00000, 0x0000000084f00000|  0%| F|  |TAMS 0x0000000084e00000| PB 0x0000000084e00000| Untracked 
|  61|0x0000000084f00000, 0x0000000084f00000, 0x0000000085000000|  0%| F|  |TAMS 0x0000000084f00000| PB 0x0000000084f00000| Untracked 
|  62|0x0000000085000000, 0x0000000085000000, 0x0000000085100000|  0%| F|  |TAMS 0x0000000085000000| PB 0x0000000085000000| Untracked 
|  63|0x0000000085100000, 0x0000000085100000, 0x0000000085200000|  0%| F|  |TAMS 0x0000000085100000| PB 0x0000000085100000| Untracked 
|  64|0x0000000085200000, 0x0000000085200000, 0x0000000085300000|  0%| F|  |TAMS 0x0000000085200000| PB 0x0000000085200000| Untracked 
|  65|0x0000000085300000, 0x0000000085300000, 0x0000000085400000|  0%| F|  |TAMS 0x0000000085300000| PB 0x0000000085300000| Untracked 
|  66|0x0000000085400000, 0x0000000085400000, 0x0000000085500000|  0%| F|  |TAMS 0x0000000085400000| PB 0x0000000085400000| Untracked 
|  67|0x0000000085500000, 0x0000000085500000, 0x0000000085600000|  0%| F|  |TAMS 0x0000000085500000| PB 0x0000000085500000| Untracked 
|  68|0x0000000085600000, 0x0000000085600000, 0x0000000085700000|  0%| F|  |TAMS 0x0000000085600000| PB 0x0000000085600000| Untracked 
|  69|0x0000000085700000, 0x0000000085700000, 0x0000000085800000|  0%| F|  |TAMS 0x0000000085700000| PB 0x0000000085700000| Untracked 
|  70|0x0000000085800000, 0x0000000085800000, 0x0000000085900000|  0%| F|  |TAMS 0x0000000085800000| PB 0x0000000085800000| Untracked 
|  71|0x0000000085900000, 0x0000000085900000, 0x0000000085a00000|  0%| F|  |TAMS 0x0000000085900000| PB 0x0000000085900000| Untracked 
|  72|0x0000000085a00000, 0x0000000085a00000, 0x0000000085b00000|  0%| F|  |TAMS 0x0000000085a00000| PB 0x0000000085a00000| Untracked 
|  73|0x0000000085b00000, 0x0000000085b00000, 0x0000000085c00000|  0%| F|  |TAMS 0x0000000085b00000| PB 0x0000000085b00000| Untracked 
|  74|0x0000000085c00000, 0x0000000085c00000, 0x0000000085d00000|  0%| F|  |TAMS 0x0000000085c00000| PB 0x0000000085c00000| Untracked 
|  75|0x0000000085d00000, 0x0000000085d00000, 0x0000000085e00000|  0%| F|  |TAMS 0x0000000085d00000| PB 0x0000000085d00000| Untracked 
|  76|0x0000000085e00000, 0x0000000085e00000, 0x0000000085f00000|  0%| F|  |TAMS 0x0000000085e00000| PB 0x0000000085e00000| Untracked 
|  77|0x0000000085f00000, 0x0000000085f00000, 0x0000000086000000|  0%| F|  |TAMS 0x0000000085f00000| PB 0x0000000085f00000| Untracked 
|  78|0x0000000086000000, 0x0000000086000000, 0x0000000086100000|  0%| F|  |TAMS 0x0000000086000000| PB 0x0000000086000000| Untracked 
|  79|0x0000000086100000, 0x0000000086100000, 0x0000000086200000|  0%| F|  |TAMS 0x0000000086100000| PB 0x0000000086100000| Untracked 
|  80|0x0000000086200000, 0x0000000086200000, 0x0000000086300000|  0%| F|  |TAMS 0x0000000086200000| PB 0x0000000086200000| Untracked 
|  81|0x0000000086300000, 0x0000000086300000, 0x0000000086400000|  0%| F|  |TAMS 0x0000000086300000| PB 0x0000000086300000| Untracked 
|  82|0x0000000086400000, 0x0000000086400000, 0x0000000086500000|  0%| F|  |TAMS 0x0000000086400000| PB 0x0000000086400000| Untracked 
|  83|0x0000000086500000, 0x0000000086500000, 0x0000000086600000|  0%| F|  |TAMS 0x0000000086500000| PB 0x0000000086500000| Untracked 
|  84|0x0000000086600000, 0x0000000086600000, 0x0000000086700000|  0%| F|  |TAMS 0x0000000086600000| PB 0x0000000086600000| Untracked 
|  85|0x0000000086700000, 0x0000000086700000, 0x0000000086800000|  0%| F|  |TAMS 0x0000000086700000| PB 0x0000000086700000| Untracked 
|  86|0x0000000086800000, 0x0000000086800000, 0x0000000086900000|  0%| F|  |TAMS 0x0000000086800000| PB 0x0000000086800000| Untracked 
|  87|0x0000000086900000, 0x0000000086900000, 0x0000000086a00000|  0%| F|  |TAMS 0x0000000086900000| PB 0x0000000086900000| Untracked 
|  88|0x0000000086a00000, 0x0000000086a00000, 0x0000000086b00000|  0%| F|  |TAMS 0x0000000086a00000| PB 0x0000000086a00000| Untracked 
|  89|0x0000000086b00000, 0x0000000086b00000, 0x0000000086c00000|  0%| F|  |TAMS 0x0000000086b00000| PB 0x0000000086b00000| Untracked 
|  90|0x0000000086c00000, 0x0000000086c00000, 0x0000000086d00000|  0%| F|  |TAMS 0x0000000086c00000| PB 0x0000000086c00000| Untracked 
|  91|0x0000000086d00000, 0x0000000086d00000, 0x0000000086e00000|  0%| F|  |TAMS 0x0000000086d00000| PB 0x0000000086d00000| Untracked 
|  92|0x0000000086e00000, 0x0000000086e00000, 0x0000000086f00000|  0%| F|  |TAMS 0x0000000086e00000| PB 0x0000000086e00000| Untracked 
|  93|0x0000000086f00000, 0x0000000086f00000, 0x0000000087000000|  0%| F|  |TAMS 0x0000000086f00000| PB 0x0000000086f00000| Untracked 
|  94|0x0000000087000000, 0x0000000087000000, 0x0000000087100000|  0%| F|  |TAMS 0x0000000087000000| PB 0x0000000087000000| Untracked 
|  95|0x0000000087100000, 0x0000000087100000, 0x0000000087200000|  0%| F|  |TAMS 0x0000000087100000| PB 0x0000000087100000| Untracked 
|  96|0x0000000087200000, 0x0000000087200000, 0x0000000087300000|  0%| F|  |TAMS 0x0000000087200000| PB 0x0000000087200000| Untracked 
|  97|0x0000000087300000, 0x0000000087300000, 0x0000000087400000|  0%| F|  |TAMS 0x0000000087300000| PB 0x0000000087300000| Untracked 
|  98|0x0000000087400000, 0x0000000087400000, 0x0000000087500000|  0%| F|  |TAMS 0x0000000087400000| PB 0x0000000087400000| Untracked 
|  99|0x0000000087500000, 0x0000000087500000, 0x0000000087600000|  0%| F|  |TAMS 0x0000000087500000| PB 0x0000000087500000| Untracked 
| 100|0x0000000087600000, 0x0000000087600000, 0x0000000087700000|  0%| F|  |TAMS 0x0000000087600000| PB 0x0000000087600000| Untracked 
| 101|0x0000000087700000, 0x0000000087700000, 0x0000000087800000|  0%| F|  |TAMS 0x0000000087700000| PB 0x0000000087700000| Untracked 
| 102|0x0000000087800000, 0x0000000087800000, 0x0000000087900000|  0%| F|  |TAMS 0x0000000087800000| PB 0x0000000087800000| Untracked 
| 103|0x0000000087900000, 0x0000000087900000, 0x0000000087a00000|  0%| F|  |TAMS 0x0000000087900000| PB 0x0000000087900000| Untracked 
| 104|0x0000000087a00000, 0x0000000087a00000, 0x0000000087b00000|  0%| F|  |TAMS 0x0000000087a00000| PB 0x0000000087a00000| Untracked 
| 105|0x0000000087b00000, 0x0000000087b00000, 0x0000000087c00000|  0%| F|  |TAMS 0x0000000087b00000| PB 0x0000000087b00000| Untracked 
| 106|0x0000000087c00000, 0x0000000087c00000, 0x0000000087d00000|  0%| F|  |TAMS 0x0000000087c00000| PB 0x0000000087c00000| Untracked 
| 107|0x0000000087d00000, 0x0000000087d00000, 0x0000000087e00000|  0%| F|  |TAMS 0x0000000087d00000| PB 0x0000000087d00000| Untracked 
| 108|0x0000000087e00000, 0x0000000087e00000, 0x0000000087f00000|  0%| F|  |TAMS 0x0000000087e00000| PB 0x0000000087e00000| Untracked 
| 109|0x0000000087f00000, 0x0000000087f00000, 0x0000000088000000|  0%| F|  |TAMS 0x0000000087f00000| PB 0x0000000087f00000| Untracked 
| 110|0x0000000088000000, 0x0000000088000000, 0x0000000088100000|  0%| F|  |TAMS 0x0000000088000000| PB 0x0000000088000000| Untracked 
| 111|0x0000000088100000, 0x0000000088100000, 0x0000000088200000|  0%| F|  |TAMS 0x0000000088100000| PB 0x0000000088100000| Untracked 
| 112|0x0000000088200000, 0x0000000088200000, 0x0000000088300000|  0%| F|  |TAMS 0x0000000088200000| PB 0x0000000088200000| Untracked 
| 113|0x0000000088300000, 0x0000000088400000, 0x0000000088400000|100%| S|CS|TAMS 0x0000000088300000| PB 0x0000000088300000| Complete 
| 114|0x0000000088400000, 0x0000000088500000, 0x0000000088500000|100%| S|CS|TAMS 0x0000000088400000| PB 0x0000000088400000| Complete 
| 115|0x0000000088500000, 0x0000000088500000, 0x0000000088600000|  0%| F|  |TAMS 0x0000000088500000| PB 0x0000000088500000| Untracked 
| 116|0x0000000088600000, 0x0000000088600000, 0x0000000088700000|  0%| F|  |TAMS 0x0000000088600000| PB 0x0000000088600000| Untracked 
| 117|0x0000000088700000, 0x0000000088700000, 0x0000000088800000|  0%| F|  |TAMS 0x0000000088700000| PB 0x0000000088700000| Untracked 
| 118|0x0000000088800000, 0x0000000088800000, 0x0000000088900000|  0%| F|  |TAMS 0x0000000088800000| PB 0x0000000088800000| Untracked 
| 119|0x0000000088900000, 0x0000000088900000, 0x0000000088a00000|  0%| F|  |TAMS 0x0000000088900000| PB 0x0000000088900000| Untracked 
| 120|0x0000000088a00000, 0x0000000088a00000, 0x0000000088b00000|  0%| F|  |TAMS 0x0000000088a00000| PB 0x0000000088a00000| Untracked 
| 121|0x0000000088b00000, 0x0000000088b00000, 0x0000000088c00000|  0%| F|  |TAMS 0x0000000088b00000| PB 0x0000000088b00000| Untracked 
| 122|0x0000000088c00000, 0x0000000088c00000, 0x0000000088d00000|  0%| F|  |TAMS 0x0000000088c00000| PB 0x0000000088c00000| Untracked 
| 123|0x0000000088d00000, 0x0000000088d00000, 0x0000000088e00000|  0%| F|  |TAMS 0x0000000088d00000| PB 0x0000000088d00000| Untracked 
| 124|0x0000000088e00000, 0x0000000088e00000, 0x0000000088f00000|  0%| F|  |TAMS 0x0000000088e00000| PB 0x0000000088e00000| Untracked 
| 125|0x0000000088f00000, 0x0000000088f00000, 0x0000000089000000|  0%| F|  |TAMS 0x0000000088f00000| PB 0x0000000088f00000| Untracked 
| 126|0x0000000089000000, 0x0000000089000000, 0x0000000089100000|  0%| F|  |TAMS 0x0000000089000000| PB 0x0000000089000000| Untracked 
| 127|0x0000000089100000, 0x000000008919d6f0, 0x0000000089200000| 61%| E|  |TAMS 0x0000000089100000| PB 0x0000000089100000| Complete 

Card table byte_map: [0x0000018b295f0000,0x0000018b299f0000] _byte_map_base: 0x0000018b291e7000

Marking Bits: (CMBitMap*) 0x0000018b161f2790
 Bits: [0x0000018b299f0000, 0x0000018b2b9a8000)

Polling page: 0x0000018b13fb0000

Metaspace:

Usage:
  Non-class:      6.90 MB used.
      Class:    909.71 KB used.
       Both:      7.79 MB used.

Virtual space:
  Non-class space:       64.00 MB reserved,       7.06 MB ( 11%) committed,  1 nodes.
      Class space:        1.00 GB reserved,       1.00 MB ( <1%) committed,  1 nodes.
             Both:        1.06 GB reserved,       8.06 MB ( <1%) committed. 

Chunk freelists:
   Non-Class:  8.42 MB
       Class:  15.00 MB
        Both:  23.42 MB

MaxMetaspaceSize: unlimited
CompressedClassSpaceSize: 1.00 GB
Initial GC threshold: 21.00 MB
Current GC threshold: 21.00 MB
CDS: on
 - commit_granule_bytes: 65536.
 - commit_granule_words: 8192.
 - virtual_space_node_default_size: 8388608.
 - enlarge_chunks_in_place: 1.
 - use_allocation_guard: 0.


Internal statistics:

num_allocs_failed_limit: 0.
num_arena_births: 224.
num_arena_deaths: 0.
num_vsnodes_births: 2.
num_vsnodes_deaths: 0.
num_space_committed: 129.
num_space_uncommitted: 0.
num_chunks_returned_to_freelist: 0.
num_chunks_taken_from_freelist: 364.
num_chunk_merges: 0.
num_chunk_splits: 216.
num_chunks_enlarged: 104.
num_inconsistent_stats: 0.

CodeHeap 'non-profiled nmethods': size=120000Kb used=364Kb max_used=364Kb free=119635Kb
 bounds [0x0000018b21cc0000, 0x0000018b21f30000, 0x0000018b291f0000]
CodeHeap 'profiled nmethods': size=120000Kb used=1665Kb max_used=1665Kb free=118334Kb
 bounds [0x0000018b1a1f0000, 0x0000018b1a460000, 0x0000018b21720000]
CodeHeap 'non-nmethods': size=5760Kb used=1427Kb max_used=1457Kb free=4332Kb
 bounds [0x0000018b21720000, 0x0000018b21990000, 0x0000018b21cc0000]
 total_blobs=1593 nmethods=1083 adapters=416
 compilation: enabled
              stopped_count=0, restarted_count=0
 full_count=0

Compilation events (20 events):
Event: 1.891 Thread 0x0000018b2de9d3d0 nmethod 1076 0x0000018b1a38ed90 code [0x0000018b1a38ef40, 0x0000018b1a38f078]
Event: 1.892 Thread 0x0000018b74271e90 nmethod 1057 0x0000018b21d17790 code [0x0000018b21d17960, 0x0000018b21d17d70]
Event: 1.892 Thread 0x0000018b74271e90 1067       4       sun.security.ec.point.ProjectivePoint$Mutable::conditionalSet (53 bytes)
Event: 1.897 Thread 0x0000018b2de9d3d0 1077       3       sun.security.util.ArrayUtil::swap (15 bytes)
Event: 1.897 Thread 0x0000018b2de9d3d0 nmethod 1077 0x0000018b1a38f110 code [0x0000018b1a38f2c0, 0x0000018b1a38f408]
Event: 1.905 Thread 0x0000018b2de767f0 nmethod 1063 0x0000018b21d18010 code [0x0000018b21d181c0, 0x0000018b21d18778]
Event: 1.905 Thread 0x0000018b2de767f0 1078       4       sun.security.ec.ECOperations$PointMultiplier::lookup (84 bytes)
Event: 1.910 Thread 0x0000018b2de9d3d0 1080       3       sun.security.util.math.intpoly.IntegerPolynomial::get0 (10 bytes)
Event: 1.910 Thread 0x0000018b2de9d3d0 nmethod 1080 0x0000018b1a38f510 code [0x0000018b1a38f6c0, 0x0000018b1a38f8c8]
Event: 1.910 Thread 0x0000018b2de9d3d0 1081       3       sun.security.util.math.intpoly.IntegerPolynomial::get0 (5 bytes)
Event: 1.911 Thread 0x0000018b2de9d3d0 nmethod 1081 0x0000018b1a38fa10 code [0x0000018b1a38fbc0, 0x0000018b1a38feb0]
Event: 1.914 Thread 0x0000018b2de9d3d0 1082       3       sun.security.util.math.intpoly.IntegerPolynomial$Element::<init> (40 bytes)
Event: 1.915 Thread 0x0000018b2de9d3d0 nmethod 1082 0x0000018b1a390010 code [0x0000018b1a3901c0, 0x0000018b1a390500]
Event: 1.916 Thread 0x0000018b74271e90 nmethod 1067 0x0000018b21d18910 code [0x0000018b21d18b00, 0x0000018b21d19360]
Event: 1.916 Thread 0x0000018b74271e90 1083       4       sun.security.util.math.intpoly.IntegerPolynomialP256::reduce (40 bytes)
Event: 1.918 Thread 0x0000018b74271e90 nmethod 1083 0x0000018b21d19810 code [0x0000018b21d199a0, 0x0000018b21d19ad8]
Event: 1.918 Thread 0x0000018b74271e90 1079       4       sun.security.ec.ECOperations::setDouble (463 bytes)
Event: 1.939 Thread 0x0000018b2de767f0 nmethod 1078 0x0000018b21d19c10 code [0x0000018b21d19e00, 0x0000018b21d1a7f0]
Event: 1.955 Thread 0x0000018b2de767f0 1084       4       sun.security.util.math.intpoly.IntegerPolynomial$MutableElement::setAdditiveInverse (32 bytes)
Event: 1.959 Thread 0x0000018b2de767f0 nmethod 1084 0x0000018b21d1ae90 code [0x0000018b21d1b020, 0x0000018b21d1b1d0]

GC Heap History (2 events):
Event: 1.855 GC heap before
{Heap before GC invocations=0 (full 0):
 garbage-first heap   total 131072K, used 13312K [0x0000000081200000, 0x0000000100000000)
  region size 1024K, 13 young (13312K), 0 survivors (0K)
 Metaspace       used 7968K, committed 8256K, reserved 1114112K
  class space    used 909K, committed 1024K, reserved 1048576K
}
Event: 1.882 GC heap after
{Heap after GC invocations=1 (full 0):
 garbage-first heap   total 131072K, used 2370K [0x0000000081200000, 0x0000000100000000)
  region size 1024K, 2 young (2048K), 2 survivors (2048K)
 Metaspace       used 7968K, committed 8256K, reserved 1114112K
  class space    used 909K, committed 1024K, reserved 1048576K
}

Dll operation events (2 events):
Event: 0.026 Loaded shared library C:\Program Files\JetBrains\IntelliJ IDEA Community Edition 2025.1.3\jbr\bin\java.dll
Event: 0.179 Loaded shared library C:\Program Files\JetBrains\IntelliJ IDEA Community Edition 2025.1.3\jbr\bin\zip.dll

Deoptimization events (8 events):
Event: 1.101 Thread 0x0000018b1619cf00 DEOPT PACKING pc=0x0000018b1a20c4cc sp=0x0000000b966fe0b0
Event: 1.101 Thread 0x0000018b1619cf00 DEOPT UNPACKING pc=0x0000018b21774e23 sp=0x0000000b966fd4d0 mode 0
Event: 1.246 Thread 0x0000018b1619cf00 DEOPT PACKING pc=0x0000018b1a20a14c sp=0x0000000b966fc300
Event: 1.247 Thread 0x0000018b1619cf00 DEOPT UNPACKING pc=0x0000018b21774e23 sp=0x0000000b966fb768 mode 0
Event: 1.720 Thread 0x0000018b740aa120 Uncommon trap: trap_request=0xffffff45 fr.pc=0x0000018b21d0b30c relative=0x0000000000000d0c
Event: 1.720 Thread 0x0000018b740aa120 Uncommon trap: reason=unstable_if action=reinterpret pc=0x0000018b21d0b30c method=java.util.concurrent.ConcurrentHashMap.putVal(Ljava/lang/Object;Ljava/lang/Object;Z)Ljava/lang/Object; @ 97 c2
Event: 1.720 Thread 0x0000018b740aa120 DEOPT PACKING pc=0x0000018b21d0b30c sp=0x0000000b97afdc90
Event: 1.720 Thread 0x0000018b740aa120 DEOPT UNPACKING pc=0x0000018b2177469c sp=0x0000000b97afdc18 mode 2

Classes loaded (20 events):
Event: 1.786 Loading class sun/security/ssl/XDHKeyExchange$1
Event: 1.786 Loading class sun/security/ssl/XDHKeyExchange$1 done
Event: 1.786 Loading class sun/security/ssl/KeyShareExtension$KeyShareEntry
Event: 1.786 Loading class sun/security/ssl/KeyShareExtension$KeyShareEntry done
Event: 1.786 Loading class sun/security/ssl/ECDHKeyExchange$ECDHEPossession
Event: 1.787 Loading class sun/security/ssl/ECDHKeyExchange$ECDHEPossession done
Event: 1.789 Loading class sun/security/util/math/intpoly/IntegerPolynomialP384
Event: 1.789 Loading class sun/security/util/math/intpoly/IntegerPolynomialP384 done
Event: 1.789 Loading class sun/security/util/math/intpoly/IntegerPolynomialP521
Event: 1.789 Loading class sun/security/util/math/intpoly/IntegerPolynomialP521 done
Event: 1.790 Loading class sun/security/util/math/intpoly/P384OrderField
Event: 1.790 Loading class sun/security/util/math/intpoly/P384OrderField done
Event: 1.790 Loading class sun/security/util/math/intpoly/P521OrderField
Event: 1.791 Loading class sun/security/util/math/intpoly/P521OrderField done
Event: 1.793 Loading class java/security/interfaces/ECPrivateKey
Event: 1.793 Loading class java/security/interfaces/ECPrivateKey done
Event: 1.794 Loading class sun/security/util/ArrayUtil
Event: 1.794 Loading class sun/security/util/ArrayUtil done
Event: 1.802 Loading class sun/security/util/math/IntegerModuloP$MultiplicativeInverser$Secp256R1
Event: 1.802 Loading class sun/security/util/math/IntegerModuloP$MultiplicativeInverser$Secp256R1 done

Classes unloaded (0 events):
No events

Classes redefined (0 events):
No events

Internal exceptions (20 events):
Event: 1.069 Thread 0x0000018b1619cf00 Exception <a 'java/lang/NoSuchMethodError'{0x0000000088c94c70}: 'int java.lang.invoke.DirectMethodHandle$Holder.invokeStaticInit(java.lang.Object, int, int)'> (0x0000000088c94c70) 
thrown [s\src\hotspot\share\interpreter\linkResolver.cpp, line 784]
Event: 1.070 Thread 0x0000018b1619cf00 Exception <a 'java/lang/NoSuchMethodError'{0x0000000088c9c280}: 'int java.lang.invoke.DirectMethodHandle$Holder.invokeStaticInit(java.lang.Object, long, long)'> (0x0000000088c9c280) 
thrown [s\src\hotspot\share\interpreter\linkResolver.cpp, line 784]
Event: 1.072 Thread 0x0000018b1619cf00 Exception <a 'java/lang/NoSuchMethodError'{0x0000000088ca2d18}: 'int java.lang.invoke.DirectMethodHandle$Holder.invokeStaticInit(java.lang.Object, float, float)'> (0x0000000088ca2d18) 
thrown [s\src\hotspot\share\interpreter\linkResolver.cpp, line 784]
Event: 1.073 Thread 0x0000018b1619cf00 Exception <a 'java/lang/NoSuchMethodError'{0x0000000088ca97a8}: 'int java.lang.invoke.DirectMethodHandle$Holder.invokeStaticInit(java.lang.Object, double, double)'> (0x0000000088ca97a8) 
thrown [s\src\hotspot\share\interpreter\linkResolver.cpp, line 784]
Event: 1.075 Thread 0x0000018b1619cf00 Exception <a 'java/lang/NoSuchMethodError'{0x0000000088cade30}: 'int java.lang.invoke.DirectMethodHandle$Holder.invokeStatic(java.lang.Object, long)'> (0x0000000088cade30) 
thrown [s\src\hotspot\share\interpreter\linkResolver.cpp, line 784]
Event: 1.093 Thread 0x0000018b1619cf00 Exception <a 'java/lang/NoSuchMethodError'{0x0000000088cd7c00}: 'java.lang.Object java.lang.invoke.DirectMethodHandle$Holder.invokeSpecial(java.lang.Object, java.lang.Object, int, java.lang.Object, java.lang.Object)'> (0x0000000088cd7c00) 
thrown [s\src\hotspot\share\interpreter\linkResolver.cpp, line 784]
Event: 1.093 Thread 0x0000018b1619cf00 Exception <a 'java/lang/NoSuchMethodError'{0x0000000088cdb590}: 'java.lang.Object java.lang.invoke.DelegatingMethodHandle$Holder.delegate(java.lang.Object, int, java.lang.Object, java.lang.Object)'> (0x0000000088cdb590) 
thrown [s\src\hotspot\share\interpreter\linkResolver.cpp, line 784]
Event: 1.098 Thread 0x0000018b1619cf00 Exception <a 'java/lang/NoSuchMethodError'{0x0000000088cea8b0}: 'int java.lang.invoke.Invokers$Holder.linkToTargetMethod(java.lang.Object, java.lang.Object, java.lang.Object)'> (0x0000000088cea8b0) 
thrown [s\src\hotspot\share\interpreter\linkResolver.cpp, line 784]
Event: 1.112 Thread 0x0000018b1619cf00 Exception <a 'java/lang/NoSuchMethodError'{0x0000000088b1c780}: 'long java.lang.invoke.DirectMethodHandle$Holder.invokeSpecial(java.lang.Object, java.lang.Object)'> (0x0000000088b1c780) 
thrown [s\src\hotspot\share\interpreter\linkResolver.cpp, line 784]
Event: 1.114 Thread 0x0000018b1619cf00 Exception <a 'java/lang/NoSuchMethodError'{0x0000000088b23050}: 'int java.lang.invoke.DirectMethodHandle$Holder.invokeStatic(java.lang.Object, java.lang.Object, java.lang.Object, java.lang.Object)'> (0x0000000088b23050) 
thrown [s\src\hotspot\share\interpreter\linkResolver.cpp, line 784]
Event: 1.115 Thread 0x0000018b1619cf00 Exception <a 'java/lang/NoSuchMethodError'{0x0000000088b26470}: 'java.lang.Object java.lang.invoke.Invokers$Holder.invokeExact_MT(java.lang.Object, java.lang.Object, java.lang.Object, java.lang.Object, java.lang.Object, java.lang.Object)'> (0x0000000088b26470) 
thrown [s\src\hotspot\share\interpreter\linkResolver.cpp, line 784]
Event: 1.381 Thread 0x0000018b1619cf00 Exception <a 'java/lang/NoSuchMethodError'{0x0000000088966680}: 'java.lang.Object java.lang.invoke.DirectMethodHandle$Holder.newInvokeSpecial(java.lang.Object, java.lang.Object, java.lang.Object, java.lang.Object, java.lang.Object)'> (0x0000000088966680) 
thrown [s\src\hotspot\share\interpreter\linkResolver.cpp, line 784]
Event: 1.513 Thread 0x0000018b1619cf00 Exception <a 'java/lang/NoSuchMethodError'{0x00000000888eff50}: 'java.lang.Object java.lang.invoke.DirectMethodHandle$Holder.invokeSpecial(java.lang.Object, java.lang.Object, java.lang.Object, java.lang.Object, int)'> (0x00000000888eff50) 
thrown [s\src\hotspot\share\interpreter\linkResolver.cpp, line 784]
Event: 1.513 Thread 0x0000018b1619cf00 Exception <a 'java/lang/NoSuchMethodError'{0x00000000888f38b8}: 'java.lang.Object java.lang.invoke.Invokers$Holder.linkToTargetMethod(java.lang.Object, java.lang.Object, int, java.lang.Object)'> (0x00000000888f38b8) 
thrown [s\src\hotspot\share\interpreter\linkResolver.cpp, line 784]
Event: 1.576 Thread 0x0000018b1619cf00 Exception <a 'java/lang/NoSuchMethodError'{0x00000000887225d8}: 'void java.lang.invoke.DirectMethodHandle$Holder.invokeSpecial(java.lang.Object, java.lang.Object, java.lang.Object)'> (0x00000000887225d8) 
thrown [s\src\hotspot\share\interpreter\linkResolver.cpp, line 784]
Event: 1.614 Thread 0x0000018b74071430 Exception <a 'java/lang/NoSuchMethodError'{0x00000000889211c0}: 'void java.lang.invoke.DirectMethodHandle$Holder.invokeStatic(java.lang.Object, java.lang.Object, int)'> (0x00000000889211c0) 
thrown [s\src\hotspot\share\interpreter\linkResolver.cpp, line 784]
Event: 1.631 Thread 0x0000018b74071430 Exception <a 'java/lang/NoSuchMethodError'{0x00000000887e30a8}: 'void java.lang.invoke.DirectMethodHandle$Holder.invokeStatic(java.lang.Object, java.lang.Object)'> (0x00000000887e30a8) 
thrown [s\src\hotspot\share\interpreter\linkResolver.cpp, line 784]
Event: 1.643 Thread 0x0000018b1619cf00 Exception <a 'java/lang/NoSuchMethodError'{0x00000000887aeb20}: 'void java.lang.invoke.DirectMethodHandle$Holder.invokeSpecial(java.lang.Object, java.lang.Object, java.lang.Object, java.lang.Object, java.lang.Object)'> (0x00000000887aeb20) 
thrown [s\src\hotspot\share\interpreter\linkResolver.cpp, line 784]
Event: 1.675 Thread 0x0000018b740aa120 Exception <a 'java/lang/NoSuchMethodError'{0x0000000088668898}: 'void java.lang.invoke.DirectMethodHandle$Holder.invokeInterface(java.lang.Object, java.lang.Object, java.lang.Object)'> (0x0000000088668898) 
thrown [s\src\hotspot\share\interpreter\linkResolver.cpp, line 784]
Event: 1.700 Thread 0x0000018b740aa120 Exception <a 'java/lang/NoSuchMethodError'{0x00000000886b9478}: 'void java.lang.invoke.DirectMethodHandle$Holder.invokeVirtual(java.lang.Object, java.lang.Object)'> (0x00000000886b9478) 
thrown [s\src\hotspot\share\interpreter\linkResolver.cpp, line 784]

ZGC Phase Switch (0 events):
No events

VM Operations (12 events):
Event: 0.240 Executing VM operation: HandshakeAllThreads (Deoptimize)
Event: 0.240 Executing VM operation: HandshakeAllThreads (Deoptimize) done
Event: 0.258 Executing VM operation: HandshakeAllThreads (Deoptimize)
Event: 0.258 Executing VM operation: HandshakeAllThreads (Deoptimize) done
Event: 0.826 Executing VM operation: HandshakeAllThreads (Deoptimize)
Event: 0.826 Executing VM operation: HandshakeAllThreads (Deoptimize) done
Event: 1.619 Executing VM operation: HandshakeAllThreads (Deoptimize)
Event: 1.620 Executing VM operation: HandshakeAllThreads (Deoptimize) done
Event: 1.620 Executing VM operation: Cleanup
Event: 1.620 Executing VM operation: Cleanup done
Event: 1.855 Executing VM operation: G1CollectForAllocation (G1 Evacuation Pause)
Event: 1.882 Executing VM operation: G1CollectForAllocation (G1 Evacuation Pause) done

Memory protections (0 events):
No events

Nmethod flushes (0 events):
No events

Events (20 events):
Event: 0.120 Thread 0x0000018b1619cf00 Thread added: 0x0000018b2de68000
Event: 0.121 Thread 0x0000018b1619cf00 Thread added: 0x0000018b2de68f10
Event: 0.121 Thread 0x0000018b1619cf00 Thread added: 0x0000018b2de6ab00
Event: 0.121 Thread 0x0000018b1619cf00 Thread added: 0x0000018b2de6fe40
Event: 0.121 Thread 0x0000018b1619cf00 Thread added: 0x0000018b2de70890
Event: 0.121 Thread 0x0000018b1619cf00 Thread added: 0x0000018b2de71640
Event: 0.122 Thread 0x0000018b1619cf00 Thread added: 0x0000018b2de767f0
Event: 0.122 Thread 0x0000018b1619cf00 Thread added: 0x0000018b2de9d3d0
Event: 0.175 Thread 0x0000018b1619cf00 Thread added: 0x0000018b6f231960
Event: 0.190 Thread 0x0000018b1619cf00 Thread added: 0x0000018b6f2371d0
Event: 0.200 Loaded shared library C:\Program Files\JetBrains\IntelliJ IDEA Community Edition 2025.1.3\jbr\bin\net.dll
Event: 0.204 Loaded shared library C:\Program Files\JetBrains\IntelliJ IDEA Community Edition 2025.1.3\jbr\bin\nio.dll
Event: 0.218 Loaded shared library C:\Program Files\JetBrains\IntelliJ IDEA Community Edition 2025.1.3\jbr\bin\zip.dll
Event: 0.416 Loaded shared library C:\Program Files\JetBrains\IntelliJ IDEA Community Edition 2025.1.3\jbr\bin\jimage.dll
Event: 1.226 Loaded shared library C:\Program Files\JetBrains\IntelliJ IDEA Community Edition 2025.1.3\jbr\bin\sunmscapi.dll
Event: 1.337 Loaded shared library C:\Program Files\JetBrains\IntelliJ IDEA Community Edition 2025.1.3\jbr\bin\extnet.dll
Event: 1.370 Thread 0x0000018b1619cf00 Thread added: 0x0000018b74071430
Event: 1.630 Thread 0x0000018b74071430 Thread added: 0x0000018b740aa120
Event: 1.723 Thread 0x0000018b74071430 Thread added: 0x0000018b74205130
Event: 1.815 Thread 0x0000018b2de9d3d0 Thread added: 0x0000018b74271e90


Dynamic libraries:
0x00007ff63aa20000 - 0x00007ff63aa2a000 	C:\Program Files\JetBrains\IntelliJ IDEA Community Edition 2025.1.3\jbr\bin\java.exe
0x00007ffc8ef00000 - 0x00007ffc8f0d0000 	C:\Windows\SYSTEM32\ntdll.dll
0x00007ffc8e570000 - 0x00007ffc8e61d000 	C:\Windows\System32\KERNEL32.DLL
0x00007ffc8bbc0000 - 0x00007ffc8bdde000 	C:\Windows\System32\KERNELBASE.dll
0x00007ffc8c070000 - 0x00007ffc8c164000 	C:\Windows\System32\ucrtbase.dll
0x00007ffc86620000 - 0x00007ffc86638000 	C:\Program Files\JetBrains\IntelliJ IDEA Community Edition 2025.1.3\jbr\bin\jli.dll
0x00007ffc8e680000 - 0x00007ffc8e7e6000 	C:\Windows\System32\USER32.dll
0x00007ffc8c1a0000 - 0x00007ffc8c1be000 	C:\Windows\System32\win32u.dll
0x00007ffc8e630000 - 0x00007ffc8e664000 	C:\Windows\System32\GDI32.dll
0x00007ffc83dd0000 - 0x00007ffc83deb000 	C:\Program Files\JetBrains\IntelliJ IDEA Community Edition 2025.1.3\jbr\bin\VCRUNTIME140.dll
0x00007ffc8bde0000 - 0x00007ffc8bf64000 	C:\Windows\System32\gdi32full.dll
0x00007ffc838b0000 - 0x00007ffc83b2a000 	C:\Windows\WinSxS\amd64_microsoft.windows.common-controls_6595b64144ccf1df_6.0.14393.8519_none_7ddbc1888346291f\COMCTL32.dll
0x00007ffc8c5a0000 - 0x00007ffc8c63e000 	C:\Windows\System32\msvcrt.dll
0x00007ffc8e100000 - 0x00007ffc8e3c7000 	C:\Windows\System32\combase.dll
0x00007ffc8ca20000 - 0x00007ffc8cb3b000 	C:\Windows\System32\RPCRT4.dll
0x00007ffc8baa0000 - 0x00007ffc8bb0c000 	C:\Windows\System32\bcryptPrimitives.dll
0x00007ffc8c920000 - 0x00007ffc8c94e000 	C:\Windows\System32\IMM32.DLL
0x00007ffc86530000 - 0x00007ffc8653c000 	C:\Program Files\JetBrains\IntelliJ IDEA Community Edition 2025.1.3\jbr\bin\vcruntime140_1.dll
0x00007ffc77e00000 - 0x00007ffc77e8d000 	C:\Program Files\JetBrains\IntelliJ IDEA Community Edition 2025.1.3\jbr\bin\msvcp140.dll
0x00007ffc5bbb0000 - 0x00007ffc5c971000 	C:\Program Files\JetBrains\IntelliJ IDEA Community Edition 2025.1.3\jbr\bin\server\jvm.dll
0x00007ffc8e050000 - 0x00007ffc8e0f8000 	C:\Windows\System32\ADVAPI32.dll
0x00007ffc8c9c0000 - 0x00007ffc8ca1d000 	C:\Windows\System32\sechost.dll
0x00007ffc8c170000 - 0x00007ffc8c19b000 	C:\Windows\System32\bcrypt.dll
0x00007ffc8b2e0000 - 0x00007ffc8b32c000 	C:\Windows\System32\POWRPROF.dll
0x00007ffc8c950000 - 0x00007ffc8c9ba000 	C:\Windows\System32\WS2_32.dll
0x00007ffc890a0000 - 0x00007ffc890c3000 	C:\Windows\SYSTEM32\WINMM.dll
0x00007ffc83ba0000 - 0x00007ffc83baa000 	C:\Windows\SYSTEM32\VERSION.dll
0x00007ffc88d00000 - 0x00007ffc88d2b000 	C:\Windows\SYSTEM32\WINMMBASE.dll
0x00007ffc8bf70000 - 0x00007ffc8bfb2000 	C:\Windows\System32\cfgmgr32.dll
0x00007ffc8b330000 - 0x00007ffc8b33f000 	C:\Windows\System32\kernel.appcore.dll
0x00007ffc864b0000 - 0x00007ffc864ba000 	C:\Program Files\JetBrains\IntelliJ IDEA Community Edition 2025.1.3\jbr\bin\jimage.dll
0x00007ffc83bf0000 - 0x00007ffc83d82000 	C:\Windows\SYSTEM32\DBGHELP.DLL
0x00007ffc7abd0000 - 0x00007ffc7abf9000 	C:\Windows\SYSTEM32\dbgcore.DLL
0x00007ffc7c980000 - 0x00007ffc7c9a0000 	C:\Program Files\JetBrains\IntelliJ IDEA Community Edition 2025.1.3\jbr\bin\java.dll
0x00007ffc8cb40000 - 0x00007ffc8e046000 	C:\Windows\System32\SHELL32.dll
0x00007ffc8b3c0000 - 0x00007ffc8ba94000 	C:\Windows\System32\windows.storage.dll
0x00007ffc8c8c0000 - 0x00007ffc8c913000 	C:\Windows\System32\shlwapi.dll
0x00007ffc8bfc0000 - 0x00007ffc8c068000 	C:\Windows\System32\shcore.dll
0x00007ffc8b340000 - 0x00007ffc8b354000 	C:\Windows\System32\profapi.dll
0x00007ffc7c800000 - 0x00007ffc7c818000 	C:\Program Files\JetBrains\IntelliJ IDEA Community Edition 2025.1.3\jbr\bin\zip.dll
0x00007ffc7e3b0000 - 0x00007ffc7e3c0000 	C:\Program Files\JetBrains\IntelliJ IDEA Community Edition 2025.1.3\jbr\bin\net.dll
0x00007ffc84450000 - 0x00007ffc8451d000 	C:\Windows\SYSTEM32\WINHTTP.dll
0x00007ffc8abb0000 - 0x00007ffc8ac0c000 	C:\Windows\system32\mswsock.dll
0x00007ffc7c240000 - 0x00007ffc7c256000 	C:\Program Files\JetBrains\IntelliJ IDEA Community Edition 2025.1.3\jbr\bin\nio.dll
0x00007ffc8ad60000 - 0x00007ffc8ad77000 	C:\Windows\SYSTEM32\CRYPTSP.dll
0x00007ffc8a720000 - 0x00007ffc8a753000 	C:\Windows\system32\rsaenh.dll
0x00007ffc8aa20000 - 0x00007ffc8aa40000 	C:\Windows\SYSTEM32\USERENV.dll
0x00007ffc8ad80000 - 0x00007ffc8ad8b000 	C:\Windows\SYSTEM32\CRYPTBASE.dll
0x00007ffc8a8e0000 - 0x00007ffc8a918000 	C:\Windows\SYSTEM32\IPHLPAPI.DLL
0x00007ffc8e620000 - 0x00007ffc8e628000 	C:\Windows\System32\NSI.dll
0x00007ffc7bfe0000 - 0x00007ffc7bfee000 	C:\Program Files\JetBrains\IntelliJ IDEA Community Edition 2025.1.3\jbr\bin\sunmscapi.dll
0x00007ffc8c1c0000 - 0x00007ffc8c3ce000 	C:\Windows\System32\CRYPT32.dll
0x00007ffc8b2d0000 - 0x00007ffc8b2e0000 	C:\Windows\System32\MSASN1.dll
0x00007ffc8ae40000 - 0x00007ffc8ae66000 	C:\Windows\SYSTEM32\ncrypt.dll
0x00007ffc8ae00000 - 0x00007ffc8ae3b000 	C:\Windows\SYSTEM32\NTASN1.dll
0x00007ffc7bab0000 - 0x00007ffc7bab9000 	C:\Program Files\JetBrains\IntelliJ IDEA Community Edition 2025.1.3\jbr\bin\extnet.dll

dbghelp: loaded successfully - version: 4.0.5 - missing functions: none
symbol engine: initialized successfully - sym options: 0x614 - pdb path: .;C:\Program Files\JetBrains\IntelliJ IDEA Community Edition 2025.1.3\jbr\bin;C:\Windows\SYSTEM32;C:\Windows\WinSxS\amd64_microsoft.windows.common-controls_6595b64144ccf1df_6.0.14393.8519_none_7ddbc1888346291f;C:\Program Files\JetBrains\IntelliJ IDEA Community Edition 2025.1.3\jbr\bin\server

VM Arguments:
java_command: git4idea.http.GitAskPassApp Password for 'https://Caio202Cesar@github.com': 
java_class_path (initial): C:/Program Files/JetBrains/IntelliJ IDEA Community Edition 2025.1.3/plugins/vcs-git/lib/git4idea-rt.jar;C:/Program Files/JetBrains/IntelliJ IDEA Community Edition 2025.1.3/lib/externalProcess-rt.jar
Launcher Type: SUN_STANDARD

[Global flags]
     intx CICompilerCount                          = 3                                         {product} {ergonomic}
     uint ConcGCThreads                            = 1                                         {product} {ergonomic}
     uint G1ConcRefinementThreads                  = 4                                         {product} {ergonomic}
   size_t G1HeapRegionSize                         = 1048576                                   {product} {ergonomic}
    uintx GCDrainStackTargetSize                   = 64                                        {product} {ergonomic}
   size_t InitialHeapSize                          = 134217728                                 {product} {ergonomic}
   size_t MarkStackSize                            = 4194304                                   {product} {ergonomic}
   size_t MaxHeapSize                              = 2128609280                                {product} {ergonomic}
   size_t MaxNewSize                               = 1277165568                                {product} {ergonomic}
   size_t MinHeapDeltaBytes                        = 1048576                                   {product} {ergonomic}
   size_t MinHeapSize                              = 8388608                                   {product} {ergonomic}
    uintx NonNMethodCodeHeapSize                   = 5832780                                {pd product} {ergonomic}
    uintx NonProfiledCodeHeapSize                  = 122912730                              {pd product} {ergonomic}
    uintx ProfiledCodeHeapSize                     = 122912730                              {pd product} {ergonomic}
    uintx ReservedCodeCacheSize                    = 251658240                              {pd product} {ergonomic}
     bool SegmentedCodeCache                       = true                                      {product} {ergonomic}
   size_t SoftMaxHeapSize                          = 2128609280                             {manageable} {ergonomic}
     bool UseCompressedOops                        = true                           {product lp64_product} {ergonomic}
     bool UseG1GC                                  = true                                      {product} {ergonomic}
     bool UseLargePagesIndividualAllocation        = false                                  {pd product} {ergonomic}

Logging:
Log output configuration:
 #0: stdout all=warning uptime,level,tags foldmultilines=false
 #1: stderr all=off uptime,level,tags foldmultilines=false

Environment Variables:
PATH=C:/Program Files/Git/mingw64/libexec/git-core;C:/Program Files/Git/mingw64/libexec/git-core;C:\Program Files\Git\mingw64\bin;C:\Program Files\Git\usr\bin;C:\Users\ADM\bin;C:\Program Files\Eclipse Adoptium\jdk-8.0.462.8-hotspot\bin;C:\Windows\system32;C:\Windows;C:\Windows\System32\Wbem;C:\Windows\System32\WindowsPowerShell\v1.0\;C:\Program Files\PowerShell\7\;C:\Program Files\Git\cmd;C:\Users\ADM\AppData\Local\Programs\Python\Python313\Scripts\;C:\Users\ADM\AppData\Local\Programs\Python\Python313\;C:\Users\ADM\AppData\Local\Microsoft\WindowsApps
USERNAME=ADM
DISPLAY=:0.0
LC_ALL=en_US.UTF-8
TERM=cygwin
TMPDIR=C:\Users\ADM\AppData\Local\Temp
OS=Windows_NT
PROCESSOR_IDENTIFIER=Intel64 Family 6 Model 37 Stepping 5, GenuineIntel
TMP=C:\Users\ADM\AppData\Local\Temp
TEMP=C:\Users\ADM\AppData\Local\Temp




Periodic native trim disabled

JNI global refs:
JNI global refs: 19, weak refs: 0

JNI global refs memory usage: 835, weak refs: 833

Process memory usage:
Resident Set Size: 77312K (0% of 8313968K total physical memory with 499376K free physical memory)

OOME stack traces (most recent first):
Classloader memory used:
Loader bootstrap                                                                       : 6423K
Loader jdk.internal.loader.ClassLoaders$PlatformClassLoader                            : 1588K
Loader jdk.internal.loader.ClassLoaders$AppClassLoader                                 : 16400B

---------------  S Y S T E M  ---------------

OS:
 Windows 10 , 64 bit Build 14393 (10.0.14393.8688)
OS uptime: 2 days 12:03 hours

CPU: total 4 (initial active 4) (2 cores per cpu, 2 threads per core) family 6 model 37 stepping 5 microcode 0x7, cx8, cmov, fxsr, ht, mmx, sse, sse2, sse3, ssse3, sse4.1, sse4.2, popcnt, tsc, tscinvbit, aes, clmul, clflush, rdtscp
Processor Information for the first 4 processors :
  Max Mhz: 3200, Current Mhz: 3200, Mhz Limit: 3200

Memory: 4k page, system-wide physical 8119M (488M free)
TotalPageFile size 16311M (AvailPageFile size 6M)
current process WorkingSet (physical memory assigned to process): 75M, peak: 75M
current process commit charge ("private bytes"): 217M, peak: 218M

vm_info: OpenJDK 64-Bit Server VM (21.0.7+9-b895.130) for windows-amd64 JRE (21.0.7+9-b895.130), built on 2025-05-13 by "builduser" with MS VC++ 16.10 / 16.11 (VS2019)

END.
